Determining if the pthread_create exist failed with the following output:
Change Dir: /home/solaborate/Downloads/0rgb/build/CMakeFiles/CMakeTmp

Run Build Command:"/usr/bin/make" "cmTC_dd6d3/fast"
/usr/bin/make -f CMakeFiles/cmTC_dd6d3.dir/build.make CMakeFiles/cmTC_dd6d3.dir/build
make[1]: Entering directory '/home/solaborate/Downloads/0rgb/build/CMakeFiles/CMakeTmp'
Building C object CMakeFiles/cmTC_dd6d3.dir/CheckSymbolExists.c.o
/usr/bin/cc    -o CMakeFiles/cmTC_dd6d3.dir/CheckSymbolExists.c.o   -c /home/solaborate/Downloads/0rgb/build/CMakeFiles/CMakeTmp/CheckSymbolExists.c
Linking C executable cmTC_dd6d3
/usr/bin/cmake -E cmake_link_script CMakeFiles/cmTC_dd6d3.dir/link.txt --verbose=1
/usr/bin/cc      CMakeFiles/cmTC_dd6d3.dir/CheckSymbolExists.c.o  -o cmTC_dd6d3 
CMakeFiles/cmTC_dd6d3.dir/CheckSymbolExists.c.o: In function `main':
CheckSymbolExists.c:(.text+0x1b): undefined reference to `pthread_create'
collect2: error: ld returned 1 exit status
CMakeFiles/cmTC_dd6d3.dir/build.make:97: recipe for target 'cmTC_dd6d3' failed
make[1]: *** [cmTC_dd6d3] Error 1
make[1]: Leaving directory '/home/solaborate/Downloads/0rgb/build/CMakeFiles/CMakeTmp'
Makefile:126: recipe for target 'cmTC_dd6d3/fast' failed
make: *** [cmTC_dd6d3/fast] Error 2

File /home/solaborate/Downloads/0rgb/build/CMakeFiles/CMakeTmp/CheckSymbolExists.c:
/* */
#include <pthread.h>

int main(int argc, char** argv)
{
  (void)argv;
#ifndef pthread_create
  return ((int*)(&pthread_create))[argc];
#else
  (void)argc;
  return 0;
#endif
}

Determining if the function pthread_create exists in the pthreads failed with the following output:
Change Dir: /home/solaborate/Downloads/0rgb/build/CMakeFiles/CMakeTmp

Run Build Command:"/usr/bin/make" "cmTC_91595/fast"
/usr/bin/make -f CMakeFiles/cmTC_91595.dir/build.make CMakeFiles/cmTC_91595.dir/build
make[1]: Entering directory '/home/solaborate/Downloads/0rgb/build/CMakeFiles/CMakeTmp'
Building C object CMakeFiles/cmTC_91595.dir/CheckFunctionExists.c.o
/usr/bin/cc   -DCHECK_FUNCTION_EXISTS=pthread_create   -o CMakeFiles/cmTC_91595.dir/CheckFunctionExists.c.o   -c /usr/share/cmake-3.10/Modules/CheckFunctionExists.c
Linking C executable cmTC_91595
/usr/bin/cmake -E cmake_link_script CMakeFiles/cmTC_91595.dir/link.txt --verbose=1
/usr/bin/cc  -DCHECK_FUNCTION_EXISTS=pthread_create    CMakeFiles/cmTC_91595.dir/CheckFunctionExists.c.o  -o cmTC_91595 -lpthreads 
/usr/bin/ld: cannot find -lpthreads
collect2: error: ld returned 1 exit status
CMakeFiles/cmTC_91595.dir/build.make:97: recipe for target 'cmTC_91595' failed
make[1]: *** [cmTC_91595] Error 1
make[1]: Leaving directory '/home/solaborate/Downloads/0rgb/build/CMakeFiles/CMakeTmp'
Makefile:126: recipe for target 'cmTC_91595/fast' failed
make: *** [cmTC_91595/fast] Error 2


